<?xml version="1.0" encoding="UTF-8"?>
<!-- Generated by org.testng.reporters.JUnitXMLReporter -->
<testsuite hostname="LAPTOP-1H4N5U9H" ignored="2" name="Test" tests="3" failures="0" timestamp="11 Apr 2021 14:59:36 GMT" time="0.129" errors="0">
  <testcase name="tc0" time="0.034" classname="org.comp.Groups"/>
  <testcase name="tc1" time="0.004" classname="org.comp.Groups"/>
  <testcase name="tc2" time="0.002" classname="org.comp.Groups"/>
  <testcase name="tc3" time="0.0" classname="org.comp.Groups">
    <ignored/>
  </testcase> <!-- tc3 -->
  <testcase name="tc4" time="0.0" classname="org.comp.Groups">
    <ignored/>
  </testcase> <!-- tc4 -->
</testsuite> <!-- Test -->
