<?xml version="1.0" encoding="UTF-8"?>
<testng-results skipped="0" failed="0" ignored="2" total="5" passed="3">
  <reporter-output>
  </reporter-output>
  <suite name="Suite" duration-ms="129" started-at="2021-04-11T14:59:36Z" finished-at="2021-04-11T14:59:36Z">
    <groups>
      <group name="reg">
        <method signature="Groups.tc2()[pri:0, instance:org.comp.Groups@28d25987]" name="tc2" class="org.comp.Groups"/>
      </group> <!-- reg -->
      <group name="smoke">
        <method signature="Groups.tc0()[pri:0, instance:org.comp.Groups@28d25987]" name="tc0" class="org.comp.Groups"/>
        <method signature="Groups.tc1()[pri:0, instance:org.comp.Groups@28d25987]" name="tc1" class="org.comp.Groups"/>
      </group> <!-- smoke -->
      <group name="sanity">
        <method signature="Groups.tc1()[pri:0, instance:org.comp.Groups@28d25987]" name="tc1" class="org.comp.Groups"/>
      </group> <!-- sanity -->
    </groups>
    <test name="Test" duration-ms="129" started-at="2021-04-11T14:59:36Z" finished-at="2021-04-11T14:59:36Z">
      <class name="org.comp.Groups">
        <test-method status="PASS" signature="tc0()[pri:0, instance:org.comp.Groups@28d25987]" name="tc0" duration-ms="34" started-at="2021-04-11T14:59:36Z" finished-at="2021-04-11T14:59:36Z">
          <reporter-output>
          </reporter-output>
        </test-method> <!-- tc0 -->
        <test-method status="PASS" signature="tc1()[pri:0, instance:org.comp.Groups@28d25987]" name="tc1" duration-ms="4" started-at="2021-04-11T14:59:36Z" finished-at="2021-04-11T14:59:36Z">
          <reporter-output>
          </reporter-output>
        </test-method> <!-- tc1 -->
        <test-method status="PASS" signature="tc2()[pri:0, instance:org.comp.Groups@28d25987]" name="tc2" duration-ms="2" started-at="2021-04-11T14:59:36Z" finished-at="2021-04-11T14:59:36Z">
          <reporter-output>
          </reporter-output>
        </test-method> <!-- tc2 -->
      </class> <!-- org.comp.Groups -->
    </test> <!-- Test -->
  </suite> <!-- Suite -->
</testng-results>
